Initialized native services in: C:\Users\danie\.gradle\native
Initialized jansi services in: C:\Users\danie\.gradle\native
Received JVM installation metadata from 'C:\Program Files\Android\Android Studio\jbr': {JAVA_HOME=C:\Program Files\Android\Android Studio\jbr, JAVA_VERSION=21.0.10, JAVA_VENDOR=JetBrains s.r.o., RUNTIME_NAME=OpenJDK Runtime Environment, RUNTIME_VERSION=21.0.10+-14961533-b1163.108, VM_NAME=OpenJDK 64-Bit Server VM, VM_VERSION=21.0.10+-14961533-b1163.108, VM_VENDOR=JetBrains s.r.o., OS_ARCH=amd64}
Checking if the launcher JVM can be re-used for build. To be re-used, the launcher JVM needs to match the parameters required for the build process: --add-opens=java.base/java.util=ALL-UNNAMED --add-opens=java.base/java.lang=ALL-UNNAMED --add-opens=java.base/java.lang.invoke=ALL-UNNAMED --add-opens=java.prefs/java.util.prefs=ALL-UNNAMED --add-opens=java.base/java.nio.charset=ALL-UNNAMED --add-opens=java.base/java.net=ALL-UNNAMED --add-opens=java.base/java.util.concurrent.atomic=ALL-UNNAMED -Xmx2048m -Dfile.encoding=UTF-8 -Duser.country=DE -Duser.language=de -Duser.variant
To honour the JVM settings for this build a single-use Daemon process will be forked. For more on this, please refer to https://docs.gradle.org/8.7/userguide/gradle_daemon.html#sec:disabling_the_daemon in the Gradle documentation.
Starting process 'Gradle build daemon'. Working directory: C:\Users\danie\.gradle\daemon\8.7 Command: C:\Program Files\Android\Android Studio\jbr\bin\java.exe --add-opens=java.base/java.util=ALL-UNNAMED --add-opens=java.base/java.lang=ALL-UNNAMED --add-opens=java.base/java.lang.invoke=ALL-UNNAMED --add-opens=java.prefs/java.util.prefs=ALL-UNNAMED --add-opens=java.base/java.nio.charset=ALL-UNNAMED --add-opens=java.base/java.net=ALL-UNNAMED --add-opens=java.base/java.util.concurrent.atomic=ALL-UNNAMED -Xmx2048m -Dfile.encoding=UTF-8 -Duser.country=DE -Duser.language=de -Duser.variant -cp C:\Users\danie\Documents\GitHub\Ultimate_KI_Setup\android-hearing-assist\tools\gradle-8.7\lib\gradle-launcher-8.7.jar -javaagent:C:\Users\danie\Documents\GitHub\Ultimate_KI_Setup\android-hearing-assist\tools\gradle-8.7\lib\agents\gradle-instrumentation-agent-8.7.jar org.gradle.launcher.daemon.bootstrap.GradleDaemon 8.7
Successfully started process 'Gradle build daemon'
An attempt to start the daemon took 44.769 secs.
The client will now receive all logging from the daemon (pid: 3212). The daemon log file: C:\Users\danie\.gradle\daemon\8.7\daemon-3212.out.log
Daemon will be stopped at the end of the build 
Using 2 worker leases.
Received JVM installation metadata from 'C:\Program Files\Android\Android Studio\jbr': {JAVA_HOME=C:\Program Files\Android\Android Studio\jbr, JAVA_VERSION=21.0.10, JAVA_VENDOR=JetBrains s.r.o., RUNTIME_NAME=OpenJDK Runtime Environment, RUNTIME_VERSION=21.0.10+-14961533-b1163.108, VM_NAME=OpenJDK 64-Bit Server VM, VM_VERSION=21.0.10+-14961533-b1163.108, VM_VENDOR=JetBrains s.r.o., OS_ARCH=amd64}
Watching the file system is configured to be enabled if available
Now considering [C:\Users\danie\Documents\GitHub\Ultimate_KI_Setup\android-hearing-assist] as hierarchies to watch
File system watching is active
Starting Build
Invalidating in-memory cache of C:\Users\danie\.gradle\caches\journal-1\file-access.bin
Settings evaluated using settings file 'C:\Users\danie\Documents\GitHub\Ultimate_KI_Setup\android-hearing-assist\settings.gradle.kts'.
Projects loaded. Root project using build file 'C:\Users\danie\Documents\GitHub\Ultimate_KI_Setup\android-hearing-assist\build.gradle.kts'.
Included projects: [root project 'HearingAssistAndroid', project ':app']

> Configure project :
Evaluating root project 'HearingAssistAndroid' using build file 'C:\Users\danie\Documents\GitHub\Ultimate_KI_Setup\android-hearing-assist\build.gradle.kts'.
Downloading https://dl.google.com/dl/android/maven2/com/android/tools/build/gradle/8.5.2/gradle-8.5.2.jar to C:\Users\danie\.gradle\.tmp\gradle_download12471329280871471320bin
Downloading https://repo.maven.apache.org/maven2/org/jetbrains/kotlin/kotlin-reflect/1.9.22/kotlin-reflect-1.9.22.jar to C:\Users\danie\.gradle\.tmp\gradle_download15322482878272020429bin
I/O exception (java.net.SocketException) caught when processing request to {s}->https://repo.maven.apache.org:443: Connection reset
Retrying request to {s}->https://repo.maven.apache.org:443
Downloading https://repo.maven.apache.org/maven2/org/jetbrains/kotlin/kotlin-reflect/1.9.22/kotlin-reflect-1.9.22.jar to C:\Users\danie\.gradle\.tmp\gradle_download12292629881681676710bin
Invalidating in-memory cache of C:\Users\danie\Documents\GitHub\Ultimate_KI_Setup\android-hearing-assist\.gradle\8.7\checksums\md5-checksums.bin
Invalidating in-memory cache of C:\Users\danie\Documents\GitHub\Ultimate_KI_Setup\android-hearing-assist\.gradle\8.7\checksums\sha256-checksums.bin
Invalidating in-memory cache of C:\Users\danie\Documents\GitHub\Ultimate_KI_Setup\android-hearing-assist\.gradle\8.7\checksums\sha1-checksums.bin
Invalidating in-memory cache of C:\Users\danie\Documents\GitHub\Ultimate_KI_Setup\android-hearing-assist\.gradle\8.7\checksums\sha512-checksums.bin
Invalidating in-memory cache of C:\Users\danie\.gradle\caches\journal-1\file-access.bin
Downloading https://repo.maven.apache.org/maven2/org/jetbrains/kotlin/kotlin-gradle-plugin/1.9.24/kotlin-gradle-plugin-1.9.24-gradle82.jar to C:\Users\danie\.gradle\.tmp\gradle_download553723942751125735bin
Invalidating in-memory cache of C:\Users\danie\Documents\GitHub\Ultimate_KI_Setup\android-hearing-assist\.gradle\8.7\checksums\md5-checksums.bin
Invalidating in-memory cache of C:\Users\danie\Documents\GitHub\Ultimate_KI_Setup\android-hearing-assist\.gradle\8.7\checksums\sha256-checksums.bin
Invalidating in-memory cache of C:\Users\danie\Documents\GitHub\Ultimate_KI_Setup\android-hearing-assist\.gradle\8.7\checksums\sha1-checksums.bin
Invalidating in-memory cache of C:\Users\danie\Documents\GitHub\Ultimate_KI_Setup\android-hearing-assist\.gradle\8.7\checksums\sha512-checksums.bin
Invalidating in-memory cache of C:\Users\danie\.gradle\caches\journal-1\file-access.bin
Downloading https://dl.google.com/dl/android/maven2/com/android/tools/build/bundletool/1.16.0/bundletool-1.16.0.jar to C:\Users\danie\.gradle\.tmp\gradle_download17135464571334238803bin
Downloading https://dl.google.com/dl/android/maven2/com/android/tools/build/bundletool/1.16.0/bundletool-1.16.0.jar to C:\Users\danie\.gradle\.tmp\gradle_download17592845653339271718bin
I/O exception (java.net.SocketException) caught when processing request to {s}->https://dl.google.com:443: Connection reset
Retrying request to {s}->https://dl.google.com:443
Downloading https://dl.google.com/dl/android/maven2/com/android/tools/build/bundletool/1.16.0/bundletool-1.16.0.jar to C:\Users\danie\.gradle\.tmp\gradle_download16845733449030345266bin
Invalidating in-memory cache of C:\Users\danie\.gradle\caches\journal-1\file-access.bin
Invalidating in-memory cache of C:\Users\danie\.gradle\caches\journal-1\file-access.bin
Downloading https://repo.maven.apache.org/maven2/com/google/crypto/tink/tink/1.7.0/tink-1.7.0.jar to C:\Users\danie\.gradle\.tmp\gradle_download6486139009295193892bin
I/O exception (java.net.SocketException) caught when processing request to {s}->https://repo.maven.apache.org:443: Connection reset
Retrying request to {s}->https://repo.maven.apache.org:443
I/O exception (java.net.SocketException) caught when processing request to {s}->https://repo.maven.apache.org:443: Connection reset
Retrying request to {s}->https://repo.maven.apache.org:443
Downloading https://repo.maven.apache.org/maven2/org/jetbrains/kotlin/kotlin-gradle-plugin/1.9.24/kotlin-gradle-plugin-1.9.24-gradle82.jar to C:\Users\danie\.gradle\.tmp\gradle_download17259300464002383776bin
I/O exception (java.net.SocketException) caught when processing request to {s}->https://repo.maven.apache.org:443: Connection reset
Retrying request to {s}->https://repo.maven.apache.org:443
Downloading https://repo.maven.apache.org/maven2/com/google/crypto/tink/tink/1.7.0/tink-1.7.0.jar to C:\Users\danie\.gradle\.tmp\gradle_download2946871914426636675bin
Downloading https://repo.maven.apache.org/maven2/com/google/crypto/tink/tink/1.7.0/tink-1.7.0.jar to C:\Users\danie\.gradle\.tmp\gradle_download6942661393594878897bin
Downloading https://dl.google.com/dl/android/maven2/com/android/tools/analytics-library/protos/31.5.2/protos-31.5.2.jar to C:\Users\danie\.gradle\.tmp\gradle_download5946118774358546150bin
Downloading https://repo.maven.apache.org/maven2/org/jetbrains/kotlin/kotlin-gradle-plugin/1.9.24/kotlin-gradle-plugin-1.9.24-gradle82.jar to C:\Users\danie\.gradle\.tmp\gradle_download4149890049174993868bin
Downloading https://dl.google.com/dl/android/maven2/com/android/tools/analytics-library/protos/31.5.2/protos-31.5.2.jar to C:\Users\danie\.gradle\.tmp\gradle_download11206387784949598872bin
Downloading https://dl.google.com/dl/android/maven2/com/android/tools/analytics-library/protos/31.5.2/protos-31.5.2.jar to C:\Users\danie\.gradle\.tmp\gradle_download6797047138794675585bin
Invalidating in-memory cache of C:\Users\danie\.gradle\caches\journal-1\file-access.bin
Downloading https://repo.maven.apache.org/maven2/com/google/protobuf/protobuf-java/3.22.3/protobuf-java-3.22.3.jar to C:\Users\danie\.gradle\.tmp\gradle_download3389648586438762814bin
Invalidating in-memory cache of C:\Users\danie\.gradle\caches\journal-1\file-access.bin
I/O exception (org.apache.http.NoHttpResponseException) caught when processing request to {s}->https://dl.google.com:443: The target server failed to respond
Retrying request to {s}->https://dl.google.com:443
Downloading https://repo.maven.apache.org/maven2/com/google/protobuf/protobuf-java/3.22.3/protobuf-java-3.22.3.jar to C:\Users\danie\.gradle\.tmp\gradle_download17943549026389780580bin
I/O exception (org.apache.http.NoHttpResponseException) caught when processing request to {s}->https://dl.google.com:443: The target server failed to respond
Retrying request to {s}->https://dl.google.com:443
Downloading https://dl.google.com/dl/android/maven2/com/google/testing/platform/core-proto/0.0.9-alpha02/core-proto-0.0.9-alpha02.jar to C:\Users\danie\.gradle\.tmp\gradle_download16939757530133633543bin
I/O exception (java.net.SocketException) caught when processing request to {s}->https://dl.google.com:443: Connection reset
Retrying request to {s}->https://dl.google.com:443
Downloading https://dl.google.com/dl/android/maven2/com/google/testing/platform/core-proto/0.0.9-alpha02/core-proto-0.0.9-alpha02.jar to C:\Users\danie\.gradle\.tmp\gradle_download13532266062369550624bin
Cached resource https://repo.maven.apache.org/maven2/com/google/protobuf/protobuf-java/3.22.3/protobuf-java-3.22.3.jar is up-to-date (lastModified: Thu Apr 13 02:19:55 CEST 2023).
Invalidating in-memory cache of C:\Users\danie\.gradle\caches\journal-1\file-access.bin
Downloading https://repo.maven.apache.org/maven2/org/jetbrains/kotlin/kotlin-gradle-plugin-idea-proto/1.9.24/kotlin-gradle-plugin-idea-proto-1.9.24.jar to C:\Users\danie\.gradle\.tmp\gradle_download8897124333866765003bin
I/O exception (java.net.SocketException) caught when processing request to {s}->https://dl.google.com:443: Connection reset
Retrying request to {s}->https://dl.google.com:443
Cached resource https://dl.google.com/dl/android/maven2/com/google/testing/platform/core-proto/0.0.9-alpha02/core-proto-0.0.9-alpha02.jar is up-to-date (lastModified: Sat Nov 11 01:27:43 CET 2023).
Invalidating in-memory cache of C:\Users\danie\.gradle\caches\journal-1\file-access.bin
Downloading https://repo.maven.apache.org/maven2/org/jetbrains/kotlin/kotlin-compiler-runner/1.9.24/kotlin-compiler-runner-1.9.24.jar to C:\Users\danie\.gradle\.tmp\gradle_download12290221491470697374bin
Invalidating in-memory cache of C:\Users\danie\Documents\GitHub\Ultimate_KI_Setup\android-hearing-assist\.gradle\8.7\checksums\md5-checksums.bin
Invalidating in-memory cache of C:\Users\danie\Documents\GitHub\Ultimate_KI_Setup\android-hearing-assist\.gradle\8.7\checksums\sha256-checksums.bin
Invalidating in-memory cache of C:\Users\danie\Documents\GitHub\Ultimate_KI_Setup\android-hearing-assist\.gradle\8.7\checksums\sha1-checksums.bin
Invalidating in-memory cache of C:\Users\danie\Documents\GitHub\Ultimate_KI_Setup\android-hearing-assist\.gradle\8.7\checksums\sha512-checksums.bin
Invalidating in-memory cache of C:\Users\danie\.gradle\caches\journal-1\file-access.bin
Downloading https://repo.maven.apache.org/maven2/org/jetbrains/kotlin/kotlin-compiler-embeddable/1.9.24/kotlin-compiler-embeddable-1.9.24.jar to C:\Users\danie\.gradle\.tmp\gradle_download14014226710389758117bin
Cached resource https://repo.maven.apache.org/maven2/org/jetbrains/kotlin/kotlin-gradle-plugin-idea-proto/1.9.24/kotlin-gradle-plugin-idea-proto-1.9.24.jar is up-to-date (lastModified: Tue May 07 08:12:15 CEST 2024).
Invalidating in-memory cache of C:\Users\danie\.gradle\caches\journal-1\file-access.bin
Downloading https://repo.maven.apache.org/maven2/org/jetbrains/kotlin/kotlin-scripting-compiler-impl-embeddable/1.9.24/kotlin-scripting-compiler-impl-embeddable-1.9.24.jar to C:\Users\danie\.gradle\.tmp\gradle_download5472069485643791354bin
I/O exception (java.net.SocketException) caught when processing request to {s}->https://repo.maven.apache.org:443: Connection reset
Retrying request to {s}->https://repo.maven.apache.org:443
Invalidating in-memory cache of C:\Users\danie\Documents\GitHub\Ultimate_KI_Setup\android-hearing-assist\.gradle\8.7\checksums\md5-checksums.bin
Invalidating in-memory cache of C:\Users\danie\Documents\GitHub\Ultimate_KI_Setup\android-hearing-assist\.gradle\8.7\checksums\sha256-checksums.bin
Invalidating in-memory cache of C:\Users\danie\Documents\GitHub\Ultimate_KI_Setup\android-hearing-assist\.gradle\8.7\checksums\sha1-checksums.bin
Invalidating in-memory cache of C:\Users\danie\Documents\GitHub\Ultimate_KI_Setup\android-hearing-assist\.gradle\8.7\checksums\sha512-checksums.bin
Invalidating in-memory cache of C:\Users\danie\.gradle\caches\journal-1\file-access.bin
Downloading https://repo.maven.apache.org/maven2/com/google/jimfs/jimfs/1.1/jimfs-1.1.jar to C:\Users\danie\.gradle\.tmp\gradle_download2312486757066059651bin
Downloading https://repo.maven.apache.org/maven2/org/jetbrains/kotlin/kotlin-compiler-embeddable/1.9.24/kotlin-compiler-embeddable-1.9.24.jar to C:\Users\danie\.gradle\.tmp\gradle_download12996102598707713136bin
Invalidating in-memory cache of C:\Users\danie\Documents\GitHub\Ultimate_KI_Setup\android-hearing-assist\.gradle\8.7\checksums\md5-checksums.bin
Invalidating in-memory cache of C:\Users\danie\Documents\GitHub\Ultimate_KI_Setup\android-hearing-assist\.gradle\8.7\checksums\sha256-checksums.bin
Invalidating in-memory cache of C:\Users\danie\Documents\GitHub\Ultimate_KI_Setup\android-hearing-assist\.gradle\8.7\checksums\sha1-checksums.bin
Invalidating in-memory cache of C:\Users\danie\Documents\GitHub\Ultimate_KI_Setup\android-hearing-assist\.gradle\8.7\checksums\sha512-checksums.bin
Invalidating in-memory cache of C:\Users\danie\.gradle\caches\journal-1\file-access.bin
Downloading https://repo.maven.apache.org/maven2/com/google/guava/guava/32.0.1-jre/guava-32.0.1-jre.jar to C:\Users\danie\.gradle\.tmp\gradle_download960587061626193768bin
Downloading https://repo.maven.apache.org/maven2/org/jetbrains/kotlin/kotlin-compiler-embeddable/1.9.24/kotlin-compiler-embeddable-1.9.24.jar to C:\Users\danie\.gradle\.tmp\gradle_download9294672615327970473bin
Downloading https://repo.maven.apache.org/maven2/com/google/guava/guava/32.0.1-jre/guava-32.0.1-jre.jar to C:\Users\danie\.gradle\.tmp\gradle_download14852266823833683054bin
Downloading https://repo.maven.apache.org/maven2/com/google/dagger/dagger/2.28.3/dagger-2.28.3.jar to C:\Users\danie\.gradle\.tmp\gradle_download7278733173915813830bin
Invalidating in-memory cache of C:\Users\danie\Documents\GitHub\Ultimate_KI_Setup\android-hearing-assist\.gradle\8.7\checksums\md5-checksums.bin
Invalidating in-memory cache of C:\Users\danie\Documents\GitHub\Ultimate_KI_Setup\android-hearing-assist\.gradle\8.7\checksums\sha256-checksums.bin
Invalidating in-memory cache of C:\Users\danie\Documents\GitHub\Ultimate_KI_Setup\android-hearing-assist\.gradle\8.7\checksums\sha1-checksums.bin
Invalidating in-memory cache of C:\Users\danie\Documents\GitHub\Ultimate_KI_Setup\android-hearing-assist\.gradle\8.7\checksums\sha512-checksums.bin
Invalidating in-memory cache of C:\Users\danie\.gradle\caches\journal-1\file-access.bin
Downloading https://repo.maven.apache.org/maven2/javax/inject/javax.inject/1/javax.inject-1.jar to C:\Users\danie\.gradle\.tmp\gradle_download3428952165998980927bin
Downloading https://repo.maven.apache.org/maven2/org/bouncycastle/bcutil-jdk18on/1.77/bcutil-jdk18on-1.77.jar to C:\Users\danie\.gradle\.tmp\gradle_download12110089017940670347bin
Downloading https://repo.maven.apache.org/maven2/org/bouncycastle/bcutil-jdk18on/1.77/bcutil-jdk18on-1.77.jar to C:\Users\danie\.gradle\.tmp\gradle_download12214894013032648722bin
Cached resource https://repo.maven.apache.org/maven2/com/google/guava/guava/32.0.1-jre/guava-32.0.1-jre.jar is up-to-date (lastModified: Fri Jun 09 00:41:00 CEST 2023).
Downloading https://repo.maven.apache.org/maven2/org/bouncycastle/bcprov-jdk18on/1.77/bcprov-jdk18on-1.77.jar to C:\Users\danie\.gradle\.tmp\gradle_download11700921937021420768bin
Invalidating in-memory cache of C:\Users\danie\Documents\GitHub\Ultimate_KI_Setup\android-hearing-assist\.gradle\8.7\checksums\md5-checksums.bin
Invalidating in-memory cache of C:\Users\danie\Documents\GitHub\Ultimate_KI_Setup\android-hearing-assist\.gradle\8.7\checksums\sha256-checksums.bin
Invalidating in-memory cache of C:\Users\danie\Documents\GitHub\Ultimate_KI_Setup\android-hearing-assist\.gradle\8.7\checksums\sha1-checksums.bin
Invalidating in-memory cache of C:\Users\danie\Documents\GitHub\Ultimate_KI_Setup\android-hearing-assist\.gradle\8.7\checksums\sha512-checksums.bin
Invalidating in-memory cache of C:\Users\danie\.gradle\caches\journal-1\file-access.bin
Downloading https://repo.maven.apache.org/maven2/org/jetbrains/intellij/deps/trove4j/1.0.20200330/trove4j-1.0.20200330.jar to C:\Users\danie\.gradle\.tmp\gradle_download1080941240745233084bin
Downloading https://repo.maven.apache.org/maven2/org/bouncycastle/bcprov-jdk18on/1.77/bcprov-jdk18on-1.77.jar to C:\Users\danie\.gradle\.tmp\gradle_download3152042248369598745bin
Invalidating in-memory cache of C:\Users\danie\.gradle\caches\journal-1\file-access.bin
Downloading https://repo.maven.apache.org/maven2/org/apache/commons/commons-compress/1.21/commons-compress-1.21.jar to C:\Users\danie\.gradle\.tmp\gradle_download13990825720689886485bin
Downloading https://repo.maven.apache.org/maven2/org/apache/httpcomponents/httpclient/4.5.14/httpclient-4.5.14.jar to C:\Users\danie\.gradle\.tmp\gradle_download1910320605180428819bin
Invalidating in-memory cache of C:\Users\danie\Documents\GitHub\Ultimate_KI_Setup\android-hearing-assist\.gradle\8.7\checksums\md5-checksums.bin
Invalidating in-memory cache of C:\Users\danie\Documents\GitHub\Ultimate_KI_Setup\android-hearing-assist\.gradle\8.7\checksums\sha256-checksums.bin
Invalidating in-memory cache of C:\Users\danie\Documents\GitHub\Ultimate_KI_Setup\android-hearing-assist\.gradle\8.7\checksums\sha1-checksums.bin
Invalidating in-memory cache of C:\Users\danie\Documents\GitHub\Ultimate_KI_Setup\android-hearing-assist\.gradle\8.7\checksums\sha512-checksums.bin
Invalidating in-memory cache of C:\Users\danie\.gradle\caches\journal-1\file-access.bin
I/O exception (java.net.SocketException) caught when processing request to {s}->https://repo.maven.apache.org:443: Connection reset
Retrying request to {s}->https://repo.maven.apache.org:443
Downloading https://repo.maven.apache.org/maven2/org/bouncycastle/bcprov-jdk18on/1.77/bcprov-jdk18on-1.77.jar to C:\Users\danie\.gradle\.tmp\gradle_download11390111228551090379bin
Downloading https://dl.google.com/dl/android/maven2/com/android/zipflinger/8.5.2/zipflinger-8.5.2.jar to C:\Users\danie\.gradle\.tmp\gradle_download12320744617123964020bin
Cached resource https://dl.google.com/dl/android/maven2/com/android/zipflinger/8.5.2/zipflinger-8.5.2.jar is up-to-date (lastModified: Fri Aug 09 02:56:48 CEST 2024).
Invalidating in-memory cache of C:\Users\danie\.gradle\caches\journal-1\file-access.bin
Downloading https://repo.maven.apache.org/maven2/net/java/dev/jna/jna-platform/5.6.0/jna-platform-5.6.0.jar to C:\Users\danie\.gradle\.tmp\gradle_download1442012360793115678bin
I/O exception (java.net.SocketException) caught when processing request to {s}->https://repo.maven.apache.org:443: Connection reset
Retrying request to {s}->https://repo.maven.apache.org:443
Downloading https://repo.maven.apache.org/maven2/com/googlecode/juniversalchardet/juniversalchardet/1.0.3/juniversalchardet-1.0.3.jar to C:\Users\danie\.gradle\.tmp\gradle_download7605712529475275477bin
Invalidating in-memory cache of C:\Users\danie\Documents\GitHub\Ultimate_KI_Setup\android-hearing-assist\.gradle\8.7\checksums\md5-checksums.bin
Invalidating in-memory cache of C:\Users\danie\Documents\GitHub\Ultimate_KI_Setup\android-hearing-assist\.gradle\8.7\checksums\sha256-checksums.bin
Invalidating in-memory cache of C:\Users\danie\Documents\GitHub\Ultimate_KI_Setup\android-hearing-assist\.gradle\8.7\checksums\sha1-checksums.bin
Invalidating in-memory cache of C:\Users\danie\Documents\GitHub\Ultimate_KI_Setup\android-hearing-assist\.gradle\8.7\checksums\sha512-checksums.bin
Invalidating in-memory cache of C:\Users\danie\.gradle\caches\journal-1\file-access.bin
Downloading https://repo.maven.apache.org/maven2/javax/annotation/javax.annotation-api/1.3.2/javax.annotation-api-1.3.2.jar to C:\Users\danie\.gradle\.tmp\gradle_download16839848813924767033bin
Invalidating in-memory cache of C:\Users\danie\Documents\GitHub\Ultimate_KI_Setup\android-hearing-assist\.gradle\8.7\checksums\md5-checksums.bin
Invalidating in-memory cache of C:\Users\danie\Documents\GitHub\Ultimate_KI_Setup\android-hearing-assist\.gradle\8.7\checksums\sha256-checksums.bin
Invalidating in-memory cache of C:\Users\danie\Documents\GitHub\Ultimate_KI_Setup\android-hearing-assist\.gradle\8.7\checksums\sha1-checksums.bin
Invalidating in-memory cache of C:\Users\danie\Documents\GitHub\Ultimate_KI_Setup\android-hearing-assist\.gradle\8.7\checksums\sha512-checksums.bin
Invalidating in-memory cache of C:\Users\danie\.gradle\caches\journal-1\file-access.bin
Downloading https://repo.maven.apache.org/maven2/net/java/dev/jna/jna-platform/5.6.0/jna-platform-5.6.0.jar to C:\Users\danie\.gradle\.tmp\gradle_download9414622670919967512bin
Downloading https://repo.maven.apache.org/maven2/org/jvnet/staxex/stax-ex/1.8.1/stax-ex-1.8.1.jar to C:\Users\danie\.gradle\.tmp\gradle_download3548116147515889458bin
Downloading https://repo.maven.apache.org/maven2/jakarta/xml/bind/jakarta.xml.bind-api/2.3.2/jakarta.xml.bind-api-2.3.2.jar to C:\Users\danie\.gradle\.tmp\gradle_download6476560694324842234bin
Invalidating in-memory cache of C:\Users\danie\Documents\GitHub\Ultimate_KI_Setup\android-hearing-assist\.gradle\8.7\checksums\md5-checksums.bin
Invalidating in-memory cache of C:\Users\danie\Documents\GitHub\Ultimate_KI_Setup\android-hearing-assist\.gradle\8.7\checksums\sha256-checksums.bin
Invalidating in-memory cache of C:\Users\danie\Documents\GitHub\Ultimate_KI_Setup\android-hearing-assist\.gradle\8.7\checksums\sha1-checksums.bin
Invalidating in-memory cache of C:\Users\danie\Documents\GitHub\Ultimate_KI_Setup\android-hearing-assist\.gradle\8.7\checksums\sha512-checksums.bin
Invalidating in-memory cache of C:\Users\danie\.gradle\caches\journal-1\file-access.bin
Downloading https://repo.maven.apache.org/maven2/org/glassfish/jaxb/txw2/2.3.2/txw2-2.3.2.jar to C:\Users\danie\.gradle\.tmp\gradle_download6293549666667439813bin
Downloading https://repo.maven.apache.org/maven2/com/sun/istack/istack-commons-runtime/3.0.8/istack-commons-runtime-3.0.8.jar to C:\Users\danie\.gradle\.tmp\gradle_download5282469631821487211bin
Invalidating in-memory cache of C:\Users\danie\Documents\GitHub\Ultimate_KI_Setup\android-hearing-assist\.gradle\8.7\checksums\md5-checksums.bin
Invalidating in-memory cache of C:\Users\danie\Documents\GitHub\Ultimate_KI_Setup\android-hearing-assist\.gradle\8.7\checksums\sha256-checksums.bin
Invalidating in-memory cache of C:\Users\danie\Documents\GitHub\Ultimate_KI_Setup\android-hearing-assist\.gradle\8.7\checksums\sha1-checksums.bin
Invalidating in-memory cache of C:\Users\danie\Documents\GitHub\Ultimate_KI_Setup\android-hearing-assist\.gradle\8.7\checksums\sha512-checksums.bin
Invalidating in-memory cache of C:\Users\danie\.gradle\caches\journal-1\file-access.bin
Downloading https://repo.maven.apache.org/maven2/com/sun/xml/fastinfoset/FastInfoset/1.2.16/FastInfoset-1.2.16.jar to C:\Users\danie\.gradle\.tmp\gradle_download661678859696687266bin
Invalidating in-memory cache of C:\Users\danie\Documents\GitHub\Ultimate_KI_Setup\android-hearing-assist\.gradle\8.7\checksums\md5-checksums.bin
Invalidating in-memory cache of C:\Users\danie\Documents\GitHub\Ultimate_KI_Setup\android-hearing-assist\.gradle\8.7\checksums\sha256-checksums.bin
Invalidating in-memory cache of C:\Users\danie\Documents\GitHub\Ultimate_KI_Setup\android-hearing-assist\.gradle\8.7\checksums\sha1-checksums.bin
Invalidating in-memory cache of C:\Users\danie\Documents\GitHub\Ultimate_KI_Setup\android-hearing-assist\.gradle\8.7\checksums\sha512-checksums.bin
Invalidating in-memory cache of C:\Users\danie\.gradle\caches\journal-1\file-access.bin
Downloading https://repo.maven.apache.org/maven2/jakarta/activation/jakarta.activation-api/1.2.1/jakarta.activation-api-1.2.1.jar to C:\Users\danie\.gradle\.tmp\gradle_download13908438988799530841bin
Downloading https://repo.maven.apache.org/maven2/com/google/auto/value/auto-value-annotations/1.6.2/auto-value-annotations-1.6.2.jar to C:\Users\danie\.gradle\.tmp\gradle_download8080288947427102698bin
Downloading https://repo.maven.apache.org/maven2/com/google/errorprone/error_prone_annotations/2.18.0/error_prone_annotations-2.18.0.jar to C:\Users\danie\.gradle\.tmp\gradle_download11576789410693086843bin
Invalidating in-memory cache of C:\Users\danie\Documents\GitHub\Ultimate_KI_Setup\android-hearing-assist\.gradle\8.7\checksums\md5-checksums.bin
Invalidating in-memory cache of C:\Users\danie\Documents\GitHub\Ultimate_KI_Setup\android-hearing-assist\.gradle\8.7\checksums\sha256-checksums.bin
Invalidating in-memory cache of C:\Users\danie\Documents\GitHub\Ultimate_KI_Setup\android-hearing-assist\.gradle\8.7\checksums\sha1-checksums.bin
Invalidating in-memory cache of C:\Users\danie\Documents\GitHub\Ultimate_KI_Setup\android-hearing-assist\.gradle\8.7\checksums\sha512-checksums.bin
Invalidating in-memory cache of C:\Users\danie\.gradle\caches\journal-1\file-access.bin
Downloading https://repo.maven.apache.org/maven2/org/bitbucket/b_c/jose4j/0.9.5/jose4j-0.9.5.jar to C:\Users\danie\.gradle\.tmp\gradle_download10630961822071082091bin
Invalidating in-memory cache of C:\Users\danie\Documents\GitHub\Ultimate_KI_Setup\android-hearing-assist\.gradle\8.7\checksums\md5-checksums.bin
Invalidating in-memory cache of C:\Users\danie\Documents\GitHub\Ultimate_KI_Setup\android-hearing-assist\.gradle\8.7\checksums\sha256-checksums.bin
Invalidating in-memory cache of C:\Users\danie\Documents\GitHub\Ultimate_KI_Setup\android-hearing-assist\.gradle\8.7\checksums\sha1-checksums.bin
Invalidating in-memory cache of C:\Users\danie\Documents\GitHub\Ultimate_KI_Setup\android-hearing-assist\.gradle\8.7\checksums\sha512-checksums.bin
Invalidating in-memory cache of C:\Users\danie\.gradle\caches\journal-1\file-access.bin
Downloading https://repo.maven.apache.org/maven2/org/slf4j/slf4j-api/1.7.30/slf4j-api-1.7.30.jar to C:\Users\danie\.gradle\.tmp\gradle_download11071558198647588168bin
Downloading https://repo.maven.apache.org/maven2/org/jdom/jdom2/2.0.6/jdom2-2.0.6.jar to C:\Users\danie\.gradle\.tmp\gradle_download5168541991771281615bin
Cached resource https://repo.maven.apache.org/maven2/com/google/code/findbugs/jsr305/3.0.2/jsr305-3.0.2.jar is up-to-date (lastModified: Fri Mar 31 06:55:47 CEST 2017).
Invalidating in-memory cache of C:\Users\danie\.gradle\caches\journal-1\file-access.bin
Downloading https://repo.maven.apache.org/maven2/io/netty/netty-codec-http2/4.1.93.Final/netty-codec-http2-4.1.93.Final.jar to C:\Users\danie\.gradle\.tmp\gradle_download4048707020101265155bin
Downloading https://repo.maven.apache.org/maven2/net/java/dev/jna/jna-platform/5.6.0/jna-platform-5.6.0.jar to C:\Users\danie\.gradle\.tmp\gradle_download17704796031265575106bin
I/O exception (java.net.SocketException) caught when processing request to {s}->https://repo.maven.apache.org:443: Connection reset
Retrying request to {s}->https://repo.maven.apache.org:443
Invalidating in-memory cache of C:\Users\danie\.gradle\caches\journal-1\file-access.bin
Cached resource https://repo.maven.apache.org/maven2/io/netty/netty-codec-http2/4.1.93.Final/netty-codec-http2-4.1.93.Final.jar is up-to-date (lastModified: Thu May 25 08:43:40 CEST 2023).
Downloading https://repo.maven.apache.org/maven2/io/netty/netty-codec-http/4.1.93.Final/netty-codec-http-4.1.93.Final.jar to C:\Users\danie\.gradle\.tmp\gradle_download8157076966904749140bin
Downloading https://repo.maven.apache.org/maven2/io/netty/netty-handler/4.1.93.Final/netty-handler-4.1.93.Final.jar to C:\Users\danie\.gradle\.tmp\gradle_download13399238801125461711bin
Invalidating in-memory cache of C:\Users\danie\Documents\GitHub\Ultimate_KI_Setup\android-hearing-assist\.gradle\8.7\checksums\md5-checksums.bin
Invalidating in-memory cache of C:\Users\danie\Documents\GitHub\Ultimate_KI_Setup\android-hearing-assist\.gradle\8.7\checksums\sha256-checksums.bin
Invalidating in-memory cache of C:\Users\danie\Documents\GitHub\Ultimate_KI_Setup\android-hearing-assist\.gradle\8.7\checksums\sha1-checksums.bin
Invalidating in-memory cache of C:\Users\danie\Documents\GitHub\Ultimate_KI_Setup\android-hearing-assist\.gradle\8.7\checksums\sha512-checksums.bin
Invalidating in-memory cache of C:\Users\danie\.gradle\caches\journal-1\file-access.bin
Downloading https://repo.maven.apache.org/maven2/org/checkerframework/checker-qual/3.33.0/checker-qual-3.33.0.jar to C:\Users\danie\.gradle\.tmp\gradle_download6121158267495764432bin
Downloading https://repo.maven.apache.org/maven2/io/netty/netty-transport-native-unix-common/4.1.93.Final/netty-transport-native-unix-common-4.1.93.Final.jar to C:\Users\danie\.gradle\.tmp\gradle_download7065792047378984043bin
Downloading https://repo.maven.apache.org/maven2/commons-codec/commons-codec/1.11/commons-codec-1.11.jar to C:\Users\danie\.gradle\.tmp\gradle_download16949814054534620635bin
Invalidating in-memory cache of C:\Users\danie\Documents\GitHub\Ultimate_KI_Setup\android-hearing-assist\.gradle\8.7\checksums\md5-checksums.bin
Invalidating in-memory cache of C:\Users\danie\Documents\GitHub\Ultimate_KI_Setup\android-hearing-assist\.gradle\8.7\checksums\sha256-checksums.bin
Invalidating in-memory cache of C:\Users\danie\Documents\GitHub\Ultimate_KI_Setup\android-hearing-assist\.gradle\8.7\checksums\sha1-checksums.bin
Invalidating in-memory cache of C:\Users\danie\Documents\GitHub\Ultimate_KI_Setup\android-hearing-assist\.gradle\8.7\checksums\sha512-checksums.bin
Invalidating in-memory cache of C:\Users\danie\.gradle\caches\journal-1\file-access.bin
Downloading https://repo.maven.apache.org/maven2/net/java/dev/jna/jna/5.6.0/jna-5.6.0.jar to C:\Users\danie\.gradle\.tmp\gradle_download2503476729117420624bin
Invalidating in-memory cache of C:\Users\danie\Documents\GitHub\Ultimate_KI_Setup\android-hearing-assist\.gradle\8.7\checksums\md5-checksums.bin
Invalidating in-memory cache of C:\Users\danie\Documents\GitHub\Ultimate_KI_Setup\android-hearing-assist\.gradle\8.7\checksums\sha256-checksums.bin
Invalidating in-memory cache of C:\Users\danie\Documents\GitHub\Ultimate_KI_Setup\android-hearing-assist\.gradle\8.7\checksums\sha1-checksums.bin
Invalidating in-memory cache of C:\Users\danie\Documents\GitHub\Ultimate_KI_Setup\android-hearing-assist\.gradle\8.7\checksums\sha512-checksums.bin
Invalidating in-memory cache of C:\Users\danie\.gradle\caches\journal-1\file-access.bin
Downloading https://repo.maven.apache.org/maven2/io/netty/netty-common/4.1.93.Final/netty-common-4.1.93.Final.jar to C:\Users\danie\.gradle\.tmp\gradle_download2570562124317694900bin
I/O exception (java.net.SocketException) caught when processing request to {s}->https://repo.maven.apache.org:443: Connection reset
Retrying request to {s}->https://repo.maven.apache.org:443
I/O exception (java.net.SocketException) caught when processing request to {s}->https://repo.maven.apache.org:443: Connection reset
Retrying request to {s}->https://repo.maven.apache.org:443
Cached resource https://repo.maven.apache.org/maven2/net/java/dev/jna/jna/5.6.0/jna-5.6.0.jar is up-to-date (lastModified: Tue Jul 14 18:25:28 CEST 2020).
Cached resource https://repo.maven.apache.org/maven2/io/netty/netty-common/4.1.93.Final/netty-common-4.1.93.Final.jar is up-to-date (lastModified: Thu May 25 09:38:02 CEST 2023).
Watched directory hierarchies: []
