
FAILURE: Build failed with an exception.

* What went wrong:
A problem occurred configuring root project 'HearingAssistAndroid'.
> Could not resolve all artifacts for configuration ':classpath'.
   > Could not download kotlin-gradle-plugin-1.9.24-gradle82.jar (org.jetbrains.kotlin:kotlin-gradle-plugin:1.9.24)
      > Could not get resource 'https://repo.maven.apache.org/maven2/org/jetbrains/kotlin/kotlin-gradle-plugin/1.9.24/kotlin-gradle-plugin-1.9.24-gradle82.jar'.
         > Could not GET 'https://repo.maven.apache.org/maven2/org/jetbrains/kotlin/kotlin-gradle-plugin/1.9.24/kotlin-gradle-plugin-1.9.24-gradle82.jar'.
            > The server may not support the client's requested TLS protocol versions: (TLSv1.2, TLSv1.3). You may need to configure the client to allow other protocols to be used. For more on this, please refer to https://docs.gradle.org/8.7/userguide/build_environment.html#sec:gradle_system_properties in the Gradle documentation.
               > Remote host terminated the handshake
   > Could not download bundletool-1.16.0.jar (com.android.tools.build:bundletool:1.16.0)
      > Could not get resource 'https://dl.google.com/dl/android/maven2/com/android/tools/build/bundletool/1.16.0/bundletool-1.16.0.jar'.
         > Could not GET 'https://dl.google.com/dl/android/maven2/com/android/tools/build/bundletool/1.16.0/bundletool-1.16.0.jar'.
            > The server may not support the client's requested TLS protocol versions: (TLSv1.2, TLSv1.3). You may need to configure the client to allow other protocols to be used. For more on this, please refer to https://docs.gradle.org/8.7/userguide/build_environment.html#sec:gradle_system_properties in the Gradle documentation.
               > Remote host terminated the handshake

* Try:
> Run with --stacktrace option to get the stack trace.
> Run with --debug option to get more log output.
> Run with --scan to get full insights.
> Get more help at https://help.gradle.org.

BUILD FAILED in 12m 9s
