Initialized native services in: C:\Users\danie\.gradle\native
Initialized jansi services in: C:\Users\danie\.gradle\native
Received JVM installation metadata from 'C:\Program Files\Android\Android Studio\jbr': {JAVA_HOME=C:\Program Files\Android\Android Studio\jbr, JAVA_VERSION=21.0.10, JAVA_VENDOR=JetBrains s.r.o., RUNTIME_NAME=OpenJDK Runtime Environment, RUNTIME_VERSION=21.0.10+-14961533-b1163.108, VM_NAME=OpenJDK 64-Bit Server VM, VM_VERSION=21.0.10+-14961533-b1163.108, VM_VENDOR=JetBrains s.r.o., OS_ARCH=amd64}
Checking if the launcher JVM can be re-used for build. To be re-used, the launcher JVM needs to match the parameters required for the build process: --add-opens=java.base/java.util=ALL-UNNAMED --add-opens=java.base/java.lang=ALL-UNNAMED --add-opens=java.base/java.lang.invoke=ALL-UNNAMED --add-opens=java.prefs/java.util.prefs=ALL-UNNAMED --add-opens=java.base/java.nio.charset=ALL-UNNAMED --add-opens=java.base/java.net=ALL-UNNAMED --add-opens=java.base/java.util.concurrent.atomic=ALL-UNNAMED -Xmx2048m -Dfile.encoding=UTF-8 -Duser.country=DE -Duser.language=de -Duser.variant
To honour the JVM settings for this build a single-use Daemon process will be forked. For more on this, please refer to https://docs.gradle.org/8.7/userguide/gradle_daemon.html#sec:disabling_the_daemon in the Gradle documentation.
Starting process 'Gradle build daemon'. Working directory: C:\Users\danie\.gradle\daemon\8.7 Command: C:\Program Files\Android\Android Studio\jbr\bin\java.exe --add-opens=java.base/java.util=ALL-UNNAMED --add-opens=java.base/java.lang=ALL-UNNAMED --add-opens=java.base/java.lang.invoke=ALL-UNNAMED --add-opens=java.prefs/java.util.prefs=ALL-UNNAMED --add-opens=java.base/java.nio.charset=ALL-UNNAMED --add-opens=java.base/java.net=ALL-UNNAMED --add-opens=java.base/java.util.concurrent.atomic=ALL-UNNAMED -Xmx2048m -Dfile.encoding=UTF-8 -Duser.country=DE -Duser.language=de -Duser.variant -cp C:\Users\danie\Documents\GitHub\Ultimate_KI_Setup\android-hearing-assist\tools\gradle-8.7\lib\gradle-launcher-8.7.jar -javaagent:C:\Users\danie\Documents\GitHub\Ultimate_KI_Setup\android-hearing-assist\tools\gradle-8.7\lib\agents\gradle-instrumentation-agent-8.7.jar org.gradle.launcher.daemon.bootstrap.GradleDaemon 8.7
Successfully started process 'Gradle build daemon'
An attempt to start the daemon took 2 mins 41.365 secs.
The client will now receive all logging from the daemon (pid: 13452). The daemon log file: C:\Users\danie\.gradle\daemon\8.7\daemon-13452.out.log
Daemon will be stopped at the end of the build 
Using 2 worker leases.
Received JVM installation metadata from 'C:\Program Files\Android\Android Studio\jbr': {JAVA_HOME=C:\Program Files\Android\Android Studio\jbr, JAVA_VERSION=21.0.10, JAVA_VENDOR=JetBrains s.r.o., RUNTIME_NAME=OpenJDK Runtime Environment, RUNTIME_VERSION=21.0.10+-14961533-b1163.108, VM_NAME=OpenJDK 64-Bit Server VM, VM_VERSION=21.0.10+-14961533-b1163.108, VM_VENDOR=JetBrains s.r.o., OS_ARCH=amd64}
Watching the file system is configured to be enabled if available
Now considering [C:\Users\danie\Documents\GitHub\Ultimate_KI_Setup\android-hearing-assist] as hierarchies to watch
File system watching is active
Starting Build
Settings evaluated using settings file 'C:\Users\danie\Documents\GitHub\Ultimate_KI_Setup\android-hearing-assist\settings.gradle.kts'.
Projects loaded. Root project using build file 'C:\Users\danie\Documents\GitHub\Ultimate_KI_Setup\android-hearing-assist\build.gradle.kts'.
Included projects: [root project 'HearingAssistAndroid', project ':app']

> Configure project :
Evaluating root project 'HearingAssistAndroid' using build file 'C:\Users\danie\Documents\GitHub\Ultimate_KI_Setup\android-hearing-assist\build.gradle.kts'.
Downloading https://dl.google.com/dl/android/maven2/com/android/tools/analytics-library/protos/31.5.2/protos-31.5.2.jar to C:\Users\danie\.gradle\.tmp\gradle_download11460398377069243212bin
Downloading https://repo.maven.apache.org/maven2/com/google/crypto/tink/tink/1.7.0/tink-1.7.0.jar to C:\Users\danie\.gradle\.tmp\gradle_download17137268434842639860bin
Downloading https://repo.maven.apache.org/maven2/org/jetbrains/kotlin/kotlin-compiler-embeddable/1.9.24/kotlin-compiler-embeddable-1.9.24.jar to C:\Users\danie\.gradle\.tmp\gradle_download16552383236102341542bin
Downloading https://repo.maven.apache.org/maven2/org/bouncycastle/bcprov-jdk18on/1.77/bcprov-jdk18on-1.77.jar to C:\Users\danie\.gradle\.tmp\gradle_download7427755969582420156bin
Watched directory hierarchies: []
